{
  "RSpec": {
    "coverage": {
      "/Users/nickdemers/Documents/Projects/workspace/commenteux/app/controllers/commenteux/notes_controller.rb": [
        1,
        null,
        1,
        1,
        1,
        null,
        1,
        4,
        4,
        4,
        4,
        4,
        4,
        null,
        4,
        null,
        null,
        1,
        3,
        3,
        3,
        3,
        3,
        3,
        3,
        null,
        3,
        null,
        null,
        1,
        3,
        3,
        3,
        3,
        3,
        3,
        3,
        null,
        3,
        null,
        null,
        1,
        1,
        6,
        6,
        null,
        null,
        null,
        1,
        7,
        7,
        7,
        7,
        7,
        null,
        null,
        1,
        11,
        11,
        2,
        2,
        2,
        4,
        null,
        2,
        null,
        11,
        null,
        null,
        1,
        3,
        3,
        1,
        2,
        null,
        null,
        2,
        null,
        3,
        null,
        null,
        1,
        12,
        5,
        null,
        7,
        null,
        12,
        null,
        null,
        1,
        7,
        7,
        3,
        2,
        2,
        4,
        null,
        null,
        1,
        null,
        null,
        7,
        null,
        null,
        null,
        null
      ],
      "/Users/nickdemers/Documents/Projects/workspace/commenteux/app/controllers/commenteux/application_controller.rb": [
        1,
        null,
        null
      ],
      "/Users/nickdemers/Documents/Projects/workspace/commenteux/spec/dummy/app/controllers/application_controller.rb": [
        1,
        null,
        null,
        1,
        null
      ],
      "/Users/nickdemers/Documents/Projects/workspace/commenteux/app/helpers/commenteux/application_helper.rb": [
        1,
        1,
        null,
        null
      ],
      "/Users/nickdemers/Documents/Projects/workspace/commenteux/app/helpers/commenteux/notes_helper.rb": [
        1,
        1,
        null,
        1,
        0,
        0,
        null,
        0,
        null,
        null,
        null,
        null,
        null
      ],
      "/Users/nickdemers/Documents/Projects/workspace/commenteux/app/helpers/commenteux/users_helper.rb": [
        1,
        1,
        null,
        1,
        0,
        0,
        null,
        null,
        null,
        null,
        null
      ],
      "/Users/nickdemers/Documents/Projects/workspace/commenteux/spec/dummy/app/models/dummy_model.rb": [
        1,
        1,
        null
      ]
    },
    "timestamp": 1444228293
  }
}
